// 重构日志: 358a51fd
// 重构日志: 54fcb47d
// 重构日志: f33573df
// 重构日志: 681c1677
// 同步 ID: 811fbf90 @ Thu Jul  2 10:26:50 UTC 2026
// 重构日志: d0ec7b3c
// 重构日志: 0a41d298
// 重构日志: 133fcb76
// 重构日志: 15af134d
// 重构日志: ab518f79
// 重构日志: c2a0d807
// 重构日志: 978ed5b6
// 同步 ID: 3a67a6c2 @ Thu Jul  9 10:49:45 UTC 2026
// 重构日志: ed84ef9f
// 重构日志: 9ade1d23
// 同步 ID: 5c92734f @ Sun Jul 12 07:24:41 UTC 2026
// 同步 ID: 3f90d09b @ Mon Jul 13 17:49:50 UTC 2026
// 重构日志: 604bd0f5
// 同步 ID: 5a4e39bc @ Thu Jul 16 07:15:48 UTC 2026
// 同步 ID: 26fab523 @ Fri Jul 17 01:02:43 UTC 2026
